{"/home/travis/build/npmtest/node-npmtest-fastparallel/test.js":{"path":"/home/travis/build/npmtest/node-npmtest-fastparallel/test.js","s":{"1":2,"2":2,"3":2,"4":2,"5":2,"6":2,"7":2,"8":1,"9":2,"10":2,"11":1,"12":1,"13":1,"14":1,"15":2,"16":2,"17":2,"18":2,"19":1,"20":1,"21":2,"22":2,"23":2,"24":1,"25":1,"26":1,"27":1,"28":1,"29":1,"30":1,"31":1,"32":1,"33":1,"34":1,"35":1,"36":1,"37":1,"38":1,"39":2,"40":2,"41":1,"42":2,"43":2,"44":1,"45":2,"46":2,"47":1,"48":2,"49":2,"50":1,"51":1,"52":1,"53":1,"54":1},"b":{"1":[2,1,1,1],"2":[1,1,1,1],"3":[1,1],"4":[1,1],"5":[1,1],"6":[1,1],"7":[1,1],"8":[1,1],"9":[1,1],"10":[1,1,1],"11":[1,1],"12":[1,1],"13":[1,1],"14":[1,1],"15":[1,1],"16":[1,1],"17":[1,1]},"f":{"1":2,"2":2,"3":2,"4":2,"5":2,"6":1,"7":1,"8":1,"9":2,"10":2,"11":2,"12":2,"13":1},"fnMap":{"1":{"name":"(anonymous_1)","line":12,"loc":{"start":{"line":12,"column":1},"end":{"line":12,"column":13}}},"2":{"name":"(anonymous_2)","line":19,"loc":{"start":{"line":19,"column":5},"end":{"line":19,"column":17}}},"3":{"name":"(anonymous_3)","line":23,"loc":{"start":{"line":23,"column":24},"end":{"line":23,"column":36}}},"4":{"name":"(anonymous_4)","line":61,"loc":{"start":{"line":61,"column":5},"end":{"line":61,"column":17}}},"5":{"name":"(anonymous_5)","line":82,"loc":{"start":{"line":82,"column":5},"end":{"line":82,"column":17}}},"6":{"name":"(anonymous_6)","line":91,"loc":{"start":{"line":91,"column":77},"end":{"line":94,"column":10}}},"7":{"name":"(anonymous_7)","line":112,"loc":{"start":{"line":112,"column":83},"end":{"line":115,"column":10}},"skip":true},"8":{"name":"(anonymous_8)","line":123,"loc":{"start":{"line":123,"column":77},"end":{"line":126,"column":10}},"skip":true},"9":{"name":"(anonymous_9)","line":139,"loc":{"start":{"line":139,"column":12},"end":{"line":139,"column":40}},"skip":true},"10":{"name":"(anonymous_10)","line":147,"loc":{"start":{"line":147,"column":77},"end":{"line":150,"column":10}},"skip":true},"11":{"name":"(anonymous_11)","line":158,"loc":{"start":{"line":158,"column":83},"end":{"line":161,"column":10}},"skip":true},"12":{"name":"(anonymous_12)","line":169,"loc":{"start":{"line":169,"column":79},"end":{"line":172,"column":10}},"skip":true},"13":{"name":"(anonymous_13)","line":180,"loc":{"start":{"line":180,"column":75},"end":{"line":183,"column":10}},"skip":true}},"statementMap":{"1":{"start":{"line":12,"column":0},"end":{"line":195,"column":5}},"2":{"start":{"line":14,"column":4},"end":{"line":14,"column":14}},"3":{"start":{"line":19,"column":4},"end":{"line":56,"column":9}},"4":{"start":{"line":21,"column":8},"end":{"line":21,"column":19}},"5":{"start":{"line":23,"column":8},"end":{"line":35,"column":13}},"6":{"start":{"line":24,"column":12},"end":{"line":34,"column":13}},"7":{"start":{"line":25,"column":16},"end":{"line":28,"column":30}},"8":{"start":{"line":30,"column":16},"end":{"line":33,"column":27}},"9":{"start":{"line":37,"column":8},"end":{"line":39,"column":21}},"10":{"start":{"line":40,"column":8},"end":{"line":53,"column":9}},"11":{"start":{"line":43,"column":12},"end":{"line":46,"column":14}},"12":{"start":{"line":47,"column":12},"end":{"line":47,"column":18}},"13":{"start":{"line":50,"column":12},"end":{"line":51,"column":33}},"14":{"start":{"line":52,"column":12},"end":{"line":52,"column":18}},"15":{"start":{"line":55,"column":8},"end":{"line":55,"column":35}},"16":{"start":{"line":61,"column":4},"end":{"line":63,"column":9}},"17":{"start":{"line":62,"column":8},"end":{"line":62,"column":15}},"18":{"start":{"line":64,"column":4},"end":{"line":77,"column":5}},"19":{"start":{"line":70,"column":8},"end":{"line":70,"column":14}},"20":{"start":{"line":76,"column":8},"end":{"line":76,"column":14}},"21":{"start":{"line":82,"column":4},"end":{"line":84,"column":9}},"22":{"start":{"line":83,"column":8},"end":{"line":83,"column":15}},"23":{"start":{"line":85,"column":4},"end":{"line":194,"column":5}},"24":{"start":{"line":91,"column":8},"end":{"line":99,"column":10}},"25":{"start":{"line":98,"column":12},"end":{"line":98,"column":35}},"26":{"start":{"line":102,"column":8},"end":{"line":104,"column":63}},"27":{"start":{"line":105,"column":8},"end":{"line":105,"column":14}},"28":{"start":{"line":112,"column":8},"end":{"line":121,"column":10},"skip":true},"29":{"start":{"line":119,"column":12},"end":{"line":119,"column":55},"skip":true},"30":{"start":{"line":120,"column":12},"end":{"line":120,"column":48},"skip":true},"31":{"start":{"line":123,"column":8},"end":{"line":136,"column":10},"skip":true},"32":{"start":{"line":130,"column":12},"end":{"line":130,"column":76},"skip":true},"33":{"start":{"line":131,"column":12},"end":{"line":131,"column":73},"skip":true},"34":{"start":{"line":132,"column":12},"end":{"line":132,"column":74},"skip":true},"35":{"start":{"line":133,"column":12},"end":{"line":133,"column":79},"skip":true},"36":{"start":{"line":134,"column":12},"end":{"line":134,"column":25},"skip":true},"37":{"start":{"line":135,"column":12},"end":{"line":135,"column":45},"skip":true},"38":{"start":{"line":138,"column":8},"end":{"line":145,"column":14},"skip":true},"39":{"start":{"line":143,"column":16},"end":{"line":143,"column":29},"skip":true},"40":{"start":{"line":144,"column":16},"end":{"line":144,"column":55},"skip":true},"41":{"start":{"line":147,"column":8},"end":{"line":156,"column":10},"skip":true},"42":{"start":{"line":154,"column":12},"end":{"line":154,"column":25},"skip":true},"43":{"start":{"line":155,"column":12},"end":{"line":155,"column":45},"skip":true},"44":{"start":{"line":158,"column":8},"end":{"line":167,"column":10},"skip":true},"45":{"start":{"line":165,"column":12},"end":{"line":165,"column":25},"skip":true},"46":{"start":{"line":166,"column":12},"end":{"line":166,"column":48},"skip":true},"47":{"start":{"line":169,"column":8},"end":{"line":178,"column":10},"skip":true},"48":{"start":{"line":176,"column":12},"end":{"line":176,"column":25},"skip":true},"49":{"start":{"line":177,"column":12},"end":{"line":177,"column":46},"skip":true},"50":{"start":{"line":180,"column":8},"end":{"line":189,"column":10},"skip":true},"51":{"start":{"line":187,"column":12},"end":{"line":187,"column":94},"skip":true},"52":{"start":{"line":188,"column":12},"end":{"line":188,"column":48},"skip":true},"53":{"start":{"line":192,"column":8},"end":{"line":192,"column":35},"skip":true},"54":{"start":{"line":193,"column":8},"end":{"line":193,"column":14},"skip":true}},"branchMap":{"1":{"line":25,"type":"binary-expr","locations":[{"start":{"line":25,"column":23},"end":{"line":25,"column":62}},{"start":{"line":26,"column":20},"end":{"line":26,"column":70}},{"start":{"line":27,"column":20},"end":{"line":27,"column":71}},{"start":{"line":28,"column":20},"end":{"line":28,"column":29}}]},"2":{"line":30,"type":"binary-expr","locations":[{"start":{"line":30,"column":23},"end":{"line":30,"column":37}},{"start":{"line":31,"column":20},"end":{"line":31,"column":61}},{"start":{"line":32,"column":20},"end":{"line":32,"column":70}},{"start":{"line":33,"column":20},"end":{"line":33,"column":26}}]},"3":{"line":37,"type":"cond-expr","locations":[{"start":{"line":38,"column":14},"end":{"line":38,"column":20}},{"start":{"line":39,"column":14},"end":{"line":39,"column":20}}]},"4":{"line":40,"type":"switch","locations":[{"start":{"line":42,"column":8},"end":{"line":47,"column":18}},{"start":{"line":49,"column":8},"end":{"line":52,"column":18}}]},"5":{"line":44,"type":"binary-expr","locations":[{"start":{"line":44,"column":16},"end":{"line":44,"column":44}},{"start":{"line":44,"column":48},"end":{"line":44,"column":66}}]},"6":{"line":50,"type":"binary-expr","locations":[{"start":{"line":50,"column":21},"end":{"line":50,"column":49}},{"start":{"line":50,"column":53},"end":{"line":50,"column":72}}]},"7":{"line":64,"type":"switch","locations":[{"start":{"line":69,"column":4},"end":{"line":70,"column":14}},{"start":{"line":75,"column":4},"end":{"line":76,"column":14}}]},"8":{"line":85,"type":"switch","locations":[{"start":{"line":90,"column":4},"end":{"line":105,"column":14}},{"start":{"line":111,"column":4},"end":{"line":193,"column":14},"skip":true}]},"9":{"line":91,"type":"binary-expr","locations":[{"start":{"line":91,"column":42},"end":{"line":91,"column":73}},{"start":{"line":91,"column":77},"end":{"line":99,"column":9}}]},"10":{"line":102,"type":"binary-expr","locations":[{"start":{"line":102,"column":18},"end":{"line":102,"column":32}},{"start":{"line":103,"column":12},"end":{"line":103,"column":53}},{"start":{"line":104,"column":12},"end":{"line":104,"column":61}}]},"11":{"line":112,"type":"binary-expr","locations":[{"start":{"line":112,"column":45},"end":{"line":112,"column":79},"skip":true},{"start":{"line":112,"column":83},"end":{"line":121,"column":9},"skip":true}]},"12":{"line":123,"type":"binary-expr","locations":[{"start":{"line":123,"column":42},"end":{"line":123,"column":73},"skip":true},{"start":{"line":123,"column":77},"end":{"line":136,"column":9},"skip":true}]},"13":{"line":138,"type":"binary-expr","locations":[{"start":{"line":138,"column":48},"end":{"line":138,"column":85},"skip":true},{"start":{"line":139,"column":12},"end":{"line":145,"column":13},"skip":true}]},"14":{"line":147,"type":"binary-expr","locations":[{"start":{"line":147,"column":42},"end":{"line":147,"column":73},"skip":true},{"start":{"line":147,"column":77},"end":{"line":156,"column":9},"skip":true}]},"15":{"line":158,"type":"binary-expr","locations":[{"start":{"line":158,"column":45},"end":{"line":158,"column":79},"skip":true},{"start":{"line":158,"column":83},"end":{"line":167,"column":9},"skip":true}]},"16":{"line":169,"type":"binary-expr","locations":[{"start":{"line":169,"column":43},"end":{"line":169,"column":75},"skip":true},{"start":{"line":169,"column":79},"end":{"line":178,"column":9},"skip":true}]},"17":{"line":180,"type":"binary-expr","locations":[{"start":{"line":180,"column":41},"end":{"line":180,"column":71},"skip":true},{"start":{"line":180,"column":75},"end":{"line":189,"column":9},"skip":true}]}},"code":["/* istanbul instrument in package npmtest_fastparallel */","/*jslint","    bitwise: true,","    browser: true,","    maxerr: 8,","    maxlen: 96,","    node: true,","    nomen: true,","    regexp: true,","    stupid: true","*/","(function () {","    'use strict';","    var local;","","","","    // run shared js-env code - pre-init","    (function () {","        // init local","        local = {};","        // init modeJs","        local.modeJs = (function () {","            try {","                return typeof navigator.userAgent === 'string' &&","                    typeof document.querySelector('body') === 'object' &&","                    typeof XMLHttpRequest.prototype.open === 'function' &&","                    'browser';","            } catch (errorCaughtBrowser) {","                return module.exports &&","                    typeof process.versions.node === 'string' &&","                    typeof require('http').createServer === 'function' &&","                    'node';","            }","        }());","        // init global","        local.global = local.modeJs === 'browser'","            ? window","            : global;","        switch (local.modeJs) {","        // re-init local from window.local","        case 'browser':","            local = local.global.utility2.objectSetDefault(","                local.global.utility2_rollup || local.global.local,","                local.global.utility2","            );","            break;","        // re-init local from example.js","        case 'node':","            local = (local.global.utility2_rollup || require('utility2'))","                .requireReadme();","            break;","        }","        // export local","        local.global.local = local;","    }());","","","","    // run shared js-env code - function","    (function () {","        return;","    }());","    switch (local.modeJs) {","","","","    // run browser js-env code - function","    case 'browser':","        break;","","","","    // run node js-env code - function","    case 'node':","        break;","    }","","","","    // run shared js-env code - post-init","    (function () {","        return;","    }());","    switch (local.modeJs) {","","","","    // run browser js-env code - post-init","    case 'browser':","        local.testCase_browser_nullCase = local.testCase_browser_nullCase || function (","            options,","            onError","        ) {","        /*","         * this function will test browsers's null-case handling-behavior-behavior","         */","            onError(null, options);","        };","","        // run tests","        local.nop(local.modeTest &&","            document.querySelector('#testRunButton1') &&","            document.querySelector('#testRunButton1').click());","        break;","","","","    // run node js-env code - post-init","    /* istanbul ignore next */","    case 'node':","        local.testCase_buildApidoc_default = local.testCase_buildApidoc_default || function (","            options,","            onError","        ) {","        /*","         * this function will test buildApidoc's default handling-behavior-behavior","         */","            options = { modulePathList: module.paths };","            local.buildApidoc(options, onError);","        };","","        local.testCase_buildApp_default = local.testCase_buildApp_default || function (","            options,","            onError","        ) {","        /*","         * this function will test buildApp's default handling-behavior-behavior","         */","            local.testCase_buildReadme_default(options, local.onErrorThrow);","            local.testCase_buildLib_default(options, local.onErrorThrow);","            local.testCase_buildTest_default(options, local.onErrorThrow);","            local.testCase_buildCustomOrg_default(options, local.onErrorThrow);","            options = [];","            local.buildApp(options, onError);","        };","","        local.testCase_buildCustomOrg_default = local.testCase_buildCustomOrg_default ||","            function (options, onError) {","            /*","             * this function will test buildCustomOrg's default handling-behavior","             */","                options = {};","                local.buildCustomOrg(options, onError);","            };","","        local.testCase_buildLib_default = local.testCase_buildLib_default || function (","            options,","            onError","        ) {","        /*","         * this function will test buildLib's default handling-behavior","         */","            options = {};","            local.buildLib(options, onError);","        };","","        local.testCase_buildReadme_default = local.testCase_buildReadme_default || function (","            options,","            onError","        ) {","        /*","         * this function will test buildReadme's default handling-behavior-behavior","         */","            options = {};","            local.buildReadme(options, onError);","        };","","        local.testCase_buildTest_default = local.testCase_buildTest_default || function (","            options,","            onError","        ) {","        /*","         * this function will test buildTest's default handling-behavior","         */","            options = {};","            local.buildTest(options, onError);","        };","","        local.testCase_webpage_default = local.testCase_webpage_default || function (","            options,","            onError","        ) {","        /*","         * this function will test webpage's default handling-behavior","         */","            options = { modeCoverageMerge: true, url: local.serverLocalHost + '?modeTest=1' };","            local.browserTest(options, onError);","        };","","        // run test-server","        local.testRunServer(local);","        break;","    }","}());",""],"l":{"12":2,"14":2,"19":2,"21":2,"23":2,"24":2,"25":2,"30":1,"37":2,"40":2,"43":1,"47":1,"50":1,"52":1,"55":2,"61":2,"62":2,"64":2,"70":1,"76":1,"82":2,"83":2,"85":2,"91":1,"98":1,"102":1,"105":1,"112":1,"119":1,"120":1,"123":1,"130":1,"131":1,"132":1,"133":1,"134":1,"135":1,"138":1,"143":2,"144":2,"147":1,"154":2,"155":2,"158":1,"165":2,"166":2,"169":1,"176":2,"177":2,"180":1,"187":1,"188":1,"192":1,"193":1}},"/home/travis/build/npmtest/node-npmtest-fastparallel/lib.npmtest_fastparallel.js":{"path":"/home/travis/build/npmtest/node-npmtest-fastparallel/lib.npmtest_fastparallel.js","s":{"1":2,"2":2,"3":2,"4":2,"5":2,"6":2,"7":2,"8":1,"9":2,"10":2,"11":2,"12":2,"13":1,"14":1,"15":1,"16":1},"b":{"1":[2,1,1,1],"2":[1,1,1,1],"3":[1,1],"4":[2,2],"5":[1,1]},"f":{"1":2,"2":2,"3":2},"fnMap":{"1":{"name":"(anonymous_1)","line":12,"loc":{"start":{"line":12,"column":1},"end":{"line":12,"column":13}}},"2":{"name":"(anonymous_2)","line":19,"loc":{"start":{"line":19,"column":5},"end":{"line":19,"column":17}}},"3":{"name":"(anonymous_3)","line":23,"loc":{"start":{"line":23,"column":24},"end":{"line":23,"column":36}}}},"statementMap":{"1":{"start":{"line":12,"column":0},"end":{"line":53,"column":5}},"2":{"start":{"line":14,"column":4},"end":{"line":14,"column":14}},"3":{"start":{"line":19,"column":4},"end":{"line":52,"column":9}},"4":{"start":{"line":21,"column":8},"end":{"line":21,"column":19}},"5":{"start":{"line":23,"column":8},"end":{"line":35,"column":13}},"6":{"start":{"line":24,"column":12},"end":{"line":34,"column":13}},"7":{"start":{"line":25,"column":16},"end":{"line":28,"column":30}},"8":{"start":{"line":30,"column":16},"end":{"line":33,"column":27}},"9":{"start":{"line":37,"column":8},"end":{"line":39,"column":21}},"10":{"start":{"line":41,"column":8},"end":{"line":41,"column":54}},"11":{"start":{"line":43,"column":8},"end":{"line":43,"column":57}},"12":{"start":{"line":45,"column":8},"end":{"line":51,"column":9}},"13":{"start":{"line":46,"column":12},"end":{"line":46,"column":63}},"14":{"start":{"line":48,"column":12},"end":{"line":48,"column":35}},"15":{"start":{"line":49,"column":12},"end":{"line":49,"column":49}},"16":{"start":{"line":50,"column":12},"end":{"line":50,"column":43}}},"branchMap":{"1":{"line":25,"type":"binary-expr","locations":[{"start":{"line":25,"column":23},"end":{"line":25,"column":62}},{"start":{"line":26,"column":20},"end":{"line":26,"column":70}},{"start":{"line":27,"column":20},"end":{"line":27,"column":71}},{"start":{"line":28,"column":20},"end":{"line":28,"column":29}}]},"2":{"line":30,"type":"binary-expr","locations":[{"start":{"line":30,"column":23},"end":{"line":30,"column":37}},{"start":{"line":31,"column":20},"end":{"line":31,"column":61}},{"start":{"line":32,"column":20},"end":{"line":32,"column":70}},{"start":{"line":33,"column":20},"end":{"line":33,"column":26}}]},"3":{"line":37,"type":"cond-expr","locations":[{"start":{"line":38,"column":14},"end":{"line":38,"column":20}},{"start":{"line":39,"column":14},"end":{"line":39,"column":20}}]},"4":{"line":41,"type":"binary-expr","locations":[{"start":{"line":41,"column":16},"end":{"line":41,"column":44}},{"start":{"line":41,"column":48},"end":{"line":41,"column":53}}]},"5":{"line":45,"type":"if","locations":[{"start":{"line":45,"column":8},"end":{"line":45,"column":8}},{"start":{"line":45,"column":8},"end":{"line":45,"column":8}}]}},"code":["/* istanbul instrument in package npmtest_fastparallel */","/*jslint","    bitwise: true,","    browser: true,","    maxerr: 8,","    maxlen: 96,","    node: true,","    nomen: true,","    regexp: true,","    stupid: true","*/","(function () {","    'use strict';","    var local;","","","","    // run shared js-env code - pre-init","    (function () {","        // init local","        local = {};","        // init modeJs","        local.modeJs = (function () {","            try {","                return typeof navigator.userAgent === 'string' &&","                    typeof document.querySelector('body') === 'object' &&","                    typeof XMLHttpRequest.prototype.open === 'function' &&","                    'browser';","            } catch (errorCaughtBrowser) {","                return module.exports &&","                    typeof process.versions.node === 'string' &&","                    typeof require('http').createServer === 'function' &&","                    'node';","            }","        }());","        // init global","        local.global = local.modeJs === 'browser'","            ? window","            : global;","        // init utility2_rollup","        local = local.global.utility2_rollup || local;","        // init lib","        local.local = local.npmtest_fastparallel = local;","        // init exports","        if (local.modeJs === 'browser') {","            local.global.utility2_npmtest_fastparallel = local;","        } else {","            module.exports = local;","            module.exports.__dirname = __dirname;","            module.exports.module = module;","        }","    }());","}());",""],"l":{"12":2,"14":2,"19":2,"21":2,"23":2,"24":2,"25":2,"30":1,"37":2,"41":2,"43":2,"45":2,"46":1,"48":1,"49":1,"50":1}},"/home/travis/build/npmtest/node-npmtest-fastparallel/example.js":{"path":"/home/travis/build/npmtest/node-npmtest-fastparallel/example.js","s":{"1":2,"2":2,"3":2,"4":2,"5":2,"6":2,"7":2,"8":1,"9":2,"10":2,"11":2,"12":2,"13":1,"14":2,"15":2,"16":2,"17":2,"18":2,"19":0,"20":2,"21":1,"22":1,"23":1,"24":1,"25":1,"26":0,"27":0,"28":1,"29":1,"30":2,"31":0,"32":0,"33":0,"34":1,"35":2,"36":2,"37":3,"38":3,"39":3,"40":3,"41":0,"42":3,"43":3,"44":3,"45":1,"46":3,"47":1,"48":1,"49":1,"50":1,"51":1,"52":1,"53":1,"54":1,"55":1,"56":1,"57":0,"58":1,"59":6,"60":6,"61":1,"62":2,"63":0,"64":2,"65":1,"66":1,"67":0,"68":0,"69":0,"70":0,"71":0,"72":0,"73":0,"74":0,"75":0,"76":0,"77":0,"78":0,"79":0,"80":0,"81":0,"82":0,"83":0},"b":{"1":[2,1,1,1],"2":[1,1,1,1],"3":[1,1],"4":[2,2],"5":[1,1],"6":[1,1],"7":[2,0],"8":[2,1,1,1,1,1],"9":[0,2,0],"10":[1,1],"11":[2,1,1],"12":[1,0],"13":[0,2],"14":[2,0,0,0,0,0,0],"15":[0,3],"16":[3,0],"17":[1,1],"18":[0,1],"19":[1,2,0,2],"20":[1,0],"21":[1,1],"22":[0,0],"23":[0,0],"24":[0,0],"25":[0,0],"26":[0,0],"27":[0,0],"28":[0,0]},"f":{"1":2,"2":2,"3":2,"4":2,"5":2,"6":2,"7":3,"8":3,"9":3,"10":1,"11":6,"12":0},"fnMap":{"1":{"name":"(anonymous_1)","line":26,"loc":{"start":{"line":26,"column":1},"end":{"line":26,"column":13}}},"2":{"name":"(anonymous_2)","line":33,"loc":{"start":{"line":33,"column":5},"end":{"line":33,"column":17}}},"3":{"name":"(anonymous_3)","line":37,"loc":{"start":{"line":37,"column":24},"end":{"line":37,"column":36}}},"4":{"name":"(anonymous_4)","line":69,"loc":{"start":{"line":69,"column":31},"end":{"line":69,"column":48}},"skip":true},"5":{"name":"(anonymous_5)","line":78,"loc":{"start":{"line":78,"column":26},"end":{"line":78,"column":45}},"skip":true},"6":{"name":"(anonymous_6)","line":123,"loc":{"start":{"line":123,"column":33},"end":{"line":123,"column":48}},"skip":true},"7":{"name":"(anonymous_7)","line":125,"loc":{"start":{"line":125,"column":27},"end":{"line":125,"column":39}},"skip":true},"8":{"name":"(anonymous_8)","line":133,"loc":{"start":{"line":133,"column":59},"end":{"line":133,"column":74}},"skip":true},"9":{"name":"(anonymous_9)","line":143,"loc":{"start":{"line":143,"column":45},"end":{"line":143,"column":62}},"skip":true},"10":{"name":"(anonymous_10)","line":144,"loc":{"start":{"line":144,"column":73},"end":{"line":144,"column":92}},"skip":true},"11":{"name":"(anonymous_11)","line":272,"loc":{"start":{"line":272,"column":51},"end":{"line":272,"column":77}},"skip":true},"12":{"name":"(anonymous_12)","line":315,"loc":{"start":{"line":315,"column":32},"end":{"line":315,"column":61}},"skip":true}},"statementMap":{"1":{"start":{"line":26,"column":0},"end":{"line":326,"column":5}},"2":{"start":{"line":28,"column":4},"end":{"line":28,"column":14}},"3":{"start":{"line":33,"column":4},"end":{"line":60,"column":9}},"4":{"start":{"line":35,"column":8},"end":{"line":35,"column":19}},"5":{"start":{"line":37,"column":8},"end":{"line":49,"column":13}},"6":{"start":{"line":38,"column":12},"end":{"line":48,"column":13}},"7":{"start":{"line":39,"column":16},"end":{"line":42,"column":30}},"8":{"start":{"line":44,"column":16},"end":{"line":47,"column":27}},"9":{"start":{"line":51,"column":8},"end":{"line":53,"column":21}},"10":{"start":{"line":55,"column":8},"end":{"line":57,"column":45}},"11":{"start":{"line":59,"column":8},"end":{"line":59,"column":35}},"12":{"start":{"line":61,"column":4},"end":{"line":325,"column":5}},"13":{"start":{"line":69,"column":8},"end":{"line":121,"column":10},"skip":true},"14":{"start":{"line":70,"column":12},"end":{"line":88,"column":13},"skip":true},"15":{"start":{"line":76,"column":16},"end":{"line":87,"column":19},"skip":true},"16":{"start":{"line":79,"column":20},"end":{"line":86,"column":21},"skip":true},"17":{"start":{"line":82,"column":24},"end":{"line":82,"column":43},"skip":true},"18":{"start":{"line":83,"column":24},"end":{"line":83,"column":30},"skip":true},"19":{"start":{"line":85,"column":24},"end":{"line":85,"column":49},"skip":true},"20":{"start":{"line":89,"column":12},"end":{"line":107,"column":13},"skip":true},"21":{"start":{"line":92,"column":16},"end":{"line":102,"column":17},"skip":true},"22":{"start":{"line":93,"column":20},"end":{"line":93,"column":86},"skip":true},"23":{"start":{"line":94,"column":20},"end":{"line":95,"column":45},"skip":true},"24":{"start":{"line":96,"column":20},"end":{"line":96,"column":42},"skip":true},"25":{"start":{"line":97,"column":20},"end":{"line":97,"column":48},"skip":true},"26":{"start":{"line":100,"column":20},"end":{"line":100,"column":85},"skip":true},"27":{"start":{"line":101,"column":20},"end":{"line":101,"column":96},"skip":true},"28":{"start":{"line":103,"column":16},"end":{"line":103,"column":22},"skip":true},"29":{"start":{"line":106,"column":16},"end":{"line":106,"column":22},"skip":true},"30":{"start":{"line":108,"column":12},"end":{"line":120,"column":13},"skip":true},"31":{"start":{"line":114,"column":16},"end":{"line":119,"column":17},"skip":true},"32":{"start":{"line":116,"column":20},"end":{"line":116,"column":78},"skip":true},"33":{"start":{"line":118,"column":20},"end":{"line":118,"column":47},"skip":true},"34":{"start":{"line":123,"column":8},"end":{"line":141,"column":11},"skip":true},"35":{"start":{"line":124,"column":12},"end":{"line":124,"column":54},"skip":true},"36":{"start":{"line":125,"column":12},"end":{"line":140,"column":14},"skip":true},"37":{"start":{"line":126,"column":16},"end":{"line":126,"column":28},"skip":true},"38":{"start":{"line":127,"column":16},"end":{"line":127,"column":69},"skip":true},"39":{"start":{"line":128,"column":16},"end":{"line":128,"column":75},"skip":true},"40":{"start":{"line":129,"column":16},"end":{"line":131,"column":17},"skip":true},"41":{"start":{"line":130,"column":20},"end":{"line":130,"column":27},"skip":true},"42":{"start":{"line":133,"column":16},"end":{"line":137,"column":36},"skip":true},"43":{"start":{"line":134,"column":20},"end":{"line":136,"column":55},"skip":true},"44":{"start":{"line":139,"column":16},"end":{"line":139,"column":57},"skip":true},"45":{"start":{"line":143,"column":8},"end":{"line":147,"column":11},"skip":true},"46":{"start":{"line":144,"column":12},"end":{"line":146,"column":15},"skip":true},"47":{"start":{"line":145,"column":16},"end":{"line":145,"column":70},"skip":true},"48":{"start":{"line":149,"column":8},"end":{"line":149,"column":31},"skip":true},"49":{"start":{"line":150,"column":8},"end":{"line":150,"column":14},"skip":true},"50":{"start":{"line":158,"column":8},"end":{"line":158,"column":31},"skip":true},"51":{"start":{"line":160,"column":8},"end":{"line":160,"column":33},"skip":true},"52":{"start":{"line":161,"column":8},"end":{"line":161,"column":37},"skip":true},"53":{"start":{"line":162,"column":8},"end":{"line":162,"column":35},"skip":true},"54":{"start":{"line":164,"column":8},"end":{"line":164,"column":50},"skip":true},"55":{"start":{"line":166,"column":8},"end":{"line":256,"column":2},"skip":true},"56":{"start":{"line":258,"column":8},"end":{"line":286,"column":9},"skip":true},"57":{"start":{"line":259,"column":12},"end":{"line":269,"column":14},"skip":true},"58":{"start":{"line":271,"column":12},"end":{"line":285,"column":19},"skip":true},"59":{"start":{"line":274,"column":20},"end":{"line":274,"column":35},"skip":true},"60":{"start":{"line":275,"column":20},"end":{"line":284,"column":21},"skip":true},"61":{"start":{"line":277,"column":24},"end":{"line":277,"column":64},"skip":true},"62":{"start":{"line":279,"column":24},"end":{"line":279,"column":40},"skip":true},"63":{"start":{"line":281,"column":24},"end":{"line":281,"column":40},"skip":true},"64":{"start":{"line":283,"column":24},"end":{"line":283,"column":39},"skip":true},"65":{"start":{"line":288,"column":8},"end":{"line":290,"column":9},"skip":true},"66":{"start":{"line":289,"column":12},"end":{"line":289,"column":18},"skip":true},"67":{"start":{"line":291,"column":8},"end":{"line":293,"column":54},"skip":true},"68":{"start":{"line":296,"column":8},"end":{"line":301,"column":37},"skip":true},"69":{"start":{"line":303,"column":8},"end":{"line":303,"column":82},"skip":true},"70":{"start":{"line":306,"column":8},"end":{"line":308,"column":9},"skip":true},"71":{"start":{"line":307,"column":12},"end":{"line":307,"column":82},"skip":true},"72":{"start":{"line":310,"column":8},"end":{"line":312,"column":9},"skip":true},"73":{"start":{"line":311,"column":12},"end":{"line":311,"column":18},"skip":true},"74":{"start":{"line":313,"column":8},"end":{"line":313,"column":54},"skip":true},"75":{"start":{"line":314,"column":8},"end":{"line":314,"column":69},"skip":true},"76":{"start":{"line":315,"column":8},"end":{"line":323,"column":36},"skip":true},"77":{"start":{"line":316,"column":12},"end":{"line":316,"column":61},"skip":true},"78":{"start":{"line":317,"column":12},"end":{"line":320,"column":13},"skip":true},"79":{"start":{"line":318,"column":16},"end":{"line":318,"column":75},"skip":true},"80":{"start":{"line":319,"column":16},"end":{"line":319,"column":23},"skip":true},"81":{"start":{"line":321,"column":12},"end":{"line":321,"column":38},"skip":true},"82":{"start":{"line":322,"column":12},"end":{"line":322,"column":27},"skip":true},"83":{"start":{"line":324,"column":8},"end":{"line":324,"column":14},"skip":true}},"branchMap":{"1":{"line":39,"type":"binary-expr","locations":[{"start":{"line":39,"column":23},"end":{"line":39,"column":62}},{"start":{"line":40,"column":20},"end":{"line":40,"column":70}},{"start":{"line":41,"column":20},"end":{"line":41,"column":71}},{"start":{"line":42,"column":20},"end":{"line":42,"column":29}}]},"2":{"line":44,"type":"binary-expr","locations":[{"start":{"line":44,"column":23},"end":{"line":44,"column":37}},{"start":{"line":45,"column":20},"end":{"line":45,"column":61}},{"start":{"line":46,"column":20},"end":{"line":46,"column":70}},{"start":{"line":47,"column":20},"end":{"line":47,"column":26}}]},"3":{"line":51,"type":"cond-expr","locations":[{"start":{"line":52,"column":14},"end":{"line":52,"column":20}},{"start":{"line":53,"column":14},"end":{"line":53,"column":20}}]},"4":{"line":55,"type":"binary-expr","locations":[{"start":{"line":55,"column":16},"end":{"line":55,"column":44}},{"start":{"line":55,"column":49},"end":{"line":57,"column":43}}]},"5":{"line":55,"type":"cond-expr","locations":[{"start":{"line":56,"column":14},"end":{"line":56,"column":56}},{"start":{"line":57,"column":14},"end":{"line":57,"column":43}}]},"6":{"line":61,"type":"switch","locations":[{"start":{"line":68,"column":4},"end":{"line":150,"column":14},"skip":true},{"start":{"line":156,"column":4},"end":{"line":324,"column":14},"skip":true}]},"7":{"line":70,"type":"if","locations":[{"start":{"line":70,"column":12},"end":{"line":70,"column":12},"skip":true},{"start":{"line":70,"column":12},"end":{"line":70,"column":12},"skip":true}]},"8":{"line":70,"type":"binary-expr","locations":[{"start":{"line":70,"column":16},"end":{"line":70,"column":22},"skip":true},{"start":{"line":70,"column":27},"end":{"line":70,"column":32},"skip":true},{"start":{"line":71,"column":20},"end":{"line":71,"column":39},"skip":true},{"start":{"line":72,"column":20},"end":{"line":72,"column":49},"skip":true},{"start":{"line":73,"column":20},"end":{"line":73,"column":58},"skip":true},{"start":{"line":74,"column":20},"end":{"line":74,"column":69},"skip":true}]},"9":{"line":79,"type":"switch","locations":[{"start":{"line":80,"column":20},"end":{"line":80,"column":33},"skip":true},{"start":{"line":81,"column":20},"end":{"line":83,"column":30},"skip":true},{"start":{"line":84,"column":20},"end":{"line":85,"column":49},"skip":true}]},"10":{"line":89,"type":"switch","locations":[{"start":{"line":90,"column":12},"end":{"line":103,"column":22},"skip":true},{"start":{"line":105,"column":12},"end":{"line":106,"column":22},"skip":true}]},"11":{"line":89,"type":"binary-expr","locations":[{"start":{"line":89,"column":20},"end":{"line":89,"column":25},"skip":true},{"start":{"line":89,"column":29},"end":{"line":89,"column":48},"skip":true},{"start":{"line":89,"column":52},"end":{"line":89,"column":74},"skip":true}]},"12":{"line":92,"type":"if","locations":[{"start":{"line":92,"column":16},"end":{"line":92,"column":16},"skip":true},{"start":{"line":92,"column":16},"end":{"line":92,"column":16},"skip":true}]},"13":{"line":108,"type":"if","locations":[{"start":{"line":108,"column":12},"end":{"line":108,"column":12},"skip":true},{"start":{"line":108,"column":12},"end":{"line":108,"column":12},"skip":true}]},"14":{"line":108,"type":"binary-expr","locations":[{"start":{"line":108,"column":16},"end":{"line":108,"column":61},"skip":true},{"start":{"line":108,"column":66},"end":{"line":108,"column":72},"skip":true},{"start":{"line":108,"column":77},"end":{"line":108,"column":82},"skip":true},{"start":{"line":109,"column":20},"end":{"line":109,"column":39},"skip":true},{"start":{"line":110,"column":20},"end":{"line":110,"column":49},"skip":true},{"start":{"line":111,"column":20},"end":{"line":111,"column":58},"skip":true},{"start":{"line":112,"column":20},"end":{"line":112,"column":68},"skip":true}]},"15":{"line":129,"type":"if","locations":[{"start":{"line":129,"column":16},"end":{"line":129,"column":16},"skip":true},{"start":{"line":129,"column":16},"end":{"line":129,"column":16},"skip":true}]},"16":{"line":134,"type":"cond-expr","locations":[{"start":{"line":135,"column":26},"end":{"line":135,"column":29},"skip":true},{"start":{"line":136,"column":26},"end":{"line":136,"column":54},"skip":true}]},"17":{"line":164,"type":"binary-expr","locations":[{"start":{"line":164,"column":27},"end":{"line":164,"column":43},"skip":true},{"start":{"line":164,"column":47},"end":{"line":164,"column":49},"skip":true}]},"18":{"line":258,"type":"if","locations":[{"start":{"line":258,"column":8},"end":{"line":258,"column":8},"skip":true},{"start":{"line":258,"column":8},"end":{"line":258,"column":8},"skip":true}]},"19":{"line":275,"type":"switch","locations":[{"start":{"line":276,"column":20},"end":{"line":277,"column":64},"skip":true},{"start":{"line":278,"column":20},"end":{"line":279,"column":40},"skip":true},{"start":{"line":280,"column":20},"end":{"line":281,"column":40},"skip":true},{"start":{"line":282,"column":20},"end":{"line":283,"column":39},"skip":true}]},"20":{"line":288,"type":"if","locations":[{"start":{"line":288,"column":8},"end":{"line":288,"column":8},"skip":true},{"start":{"line":288,"column":8},"end":{"line":288,"column":8},"skip":true}]},"21":{"line":288,"type":"binary-expr","locations":[{"start":{"line":288,"column":12},"end":{"line":288,"column":40},"skip":true},{"start":{"line":288,"column":44},"end":{"line":288,"column":67},"skip":true}]},"22":{"line":292,"type":"binary-expr","locations":[{"start":{"line":292,"column":12},"end":{"line":292,"column":50},"skip":true},{"start":{"line":293,"column":12},"end":{"line":293,"column":53},"skip":true}]},"23":{"line":297,"type":"binary-expr","locations":[{"start":{"line":297,"column":12},"end":{"line":297,"column":70},"skip":true},{"start":{"line":298,"column":12},"end":{"line":301,"column":36},"skip":true}]},"24":{"line":303,"type":"binary-expr","locations":[{"start":{"line":303,"column":43},"end":{"line":303,"column":75},"skip":true},{"start":{"line":303,"column":79},"end":{"line":303,"column":81},"skip":true}]},"25":{"line":306,"type":"if","locations":[{"start":{"line":306,"column":8},"end":{"line":306,"column":8},"skip":true},{"start":{"line":306,"column":8},"end":{"line":306,"column":8},"skip":true}]},"26":{"line":310,"type":"if","locations":[{"start":{"line":310,"column":8},"end":{"line":310,"column":8},"skip":true},{"start":{"line":310,"column":8},"end":{"line":310,"column":8},"skip":true}]},"27":{"line":313,"type":"binary-expr","locations":[{"start":{"line":313,"column":27},"end":{"line":313,"column":43},"skip":true},{"start":{"line":313,"column":47},"end":{"line":313,"column":53},"skip":true}]},"28":{"line":317,"type":"if","locations":[{"start":{"line":317,"column":12},"end":{"line":317,"column":12},"skip":true},{"start":{"line":317,"column":12},"end":{"line":317,"column":12},"skip":true}]}},"code":["/*","example.js","","quickstart example","","instruction","    1. save this script as example.js","    2. run the shell command:","        $ npm install npmtest-fastparallel && PORT=8081 node example.js","    3. play with the browser-demo on http://127.0.0.1:8081","*/","","","","/* istanbul instrument in package npmtest_fastparallel */","/*jslint","    bitwise: true,","    browser: true,","    maxerr: 8,","    maxlen: 96,","    node: true,","    nomen: true,","    regexp: true,","    stupid: true","*/","(function () {","    'use strict';","    var local;","","","","    // run shared js-env code - pre-init","    (function () {","        // init local","        local = {};","        // init modeJs","        local.modeJs = (function () {","            try {","                return typeof navigator.userAgent === 'string' &&","                    typeof document.querySelector('body') === 'object' &&","                    typeof XMLHttpRequest.prototype.open === 'function' &&","                    'browser';","            } catch (errorCaughtBrowser) {","                return module.exports &&","                    typeof process.versions.node === 'string' &&","                    typeof require('http').createServer === 'function' &&","                    'node';","            }","        }());","        // init global","        local.global = local.modeJs === 'browser'","            ? window","            : global;","        // init utility2_rollup","        local = local.global.utility2_rollup || (local.modeJs === 'browser'","            ? local.global.utility2_npmtest_fastparallel","            : global.utility2_moduleExports);","        // export local","        local.global.local = local;","    }());","    switch (local.modeJs) {","","","","    // post-init","    // run browser js-env code - post-init","    /* istanbul ignore next */","    case 'browser':","        local.testRunBrowser = function (event) {","            if (!event || (event &&","                    event.currentTarget &&","                    event.currentTarget.className &&","                    event.currentTarget.className.includes &&","                    event.currentTarget.className.includes('onreset'))) {","                // reset output","                Array.from(","                    document.querySelectorAll('body > .resettable')","                ).forEach(function (element) {","                    switch (element.tagName) {","                    case 'INPUT':","                    case 'TEXTAREA':","                        element.value = '';","                        break;","                    default:","                        element.textContent = '';","                    }","                });","            }","            switch (event && event.currentTarget && event.currentTarget.id) {","            case 'testRunButton1':","                // show tests","                if (document.querySelector('#testReportDiv1').style.display === 'none') {","                    document.querySelector('#testReportDiv1').style.display = 'block';","                    document.querySelector('#testRunButton1').textContent =","                        'hide internal test';","                    local.modeTest = true;","                    local.testRunDefault(local);","                // hide tests","                } else {","                    document.querySelector('#testReportDiv1').style.display = 'none';","                    document.querySelector('#testRunButton1').textContent = 'run internal test';","                }","                break;","            // custom-case","            default:","                break;","            }","            if (document.querySelector('#inputTextareaEval1') && (!event || (event &&","                    event.currentTarget &&","                    event.currentTarget.className &&","                    event.currentTarget.className.includes &&","                    event.currentTarget.className.includes('oneval')))) {","                // try to eval input-code","                try {","                    /*jslint evil: true*/","                    eval(document.querySelector('#inputTextareaEval1').value);","                } catch (errorCaught) {","                    console.error(errorCaught);","                }","            }","        };","        // log stderr and stdout to #outputTextareaStdout1","        ['error', 'log'].forEach(function (key) {","            console[key + '_original'] = console[key];","            console[key] = function () {","                var element;","                console[key + '_original'].apply(console, arguments);","                element = document.querySelector('#outputTextareaStdout1');","                if (!element) {","                    return;","                }","                // append text to #outputTextareaStdout1","                element.value += Array.from(arguments).map(function (arg) {","                    return typeof arg === 'string'","                        ? arg","                        : JSON.stringify(arg, null, 4);","                }).join(' ') + '\\n';","                // scroll textarea to bottom","                element.scrollTop = element.scrollHeight;","            };","        });","        // init event-handling","        ['change', 'click', 'keyup'].forEach(function (event) {","            Array.from(document.querySelectorAll('.on' + event)).forEach(function (element) {","                element.addEventListener(event, local.testRunBrowser);","            });","        });","        // run tests","        local.testRunBrowser();","        break;","","","","    // run node js-env code - post-init","    /* istanbul ignore next */","    case 'node':","        // export local","        module.exports = local;","        // require modules","        local.fs = require('fs');","        local.http = require('http');","        local.url = require('url');","        // init assets","        local.assetsDict = local.assetsDict || {};","        /* jslint-ignore-begin */","        local.assetsDict['/assets.index.template.html'] = '\\","<!doctype html>\\n\\","<html lang=\"en\">\\n\\","<head>\\n\\","<meta charset=\"UTF-8\">\\n\\","<meta name=\"viewport\" content=\"width=device-width, initial-scale=1\">\\n\\","<title>{{env.npm_package_name}} (v{{env.npm_package_version}})</title>\\n\\","<style>\\n\\","/*csslint\\n\\","    box-sizing: false,\\n\\","    universal-selector: false\\n\\","*/\\n\\","* {\\n\\","    box-sizing: border-box;\\n\\","}\\n\\","body {\\n\\","    background: #dde;\\n\\","    font-family: Arial, Helvetica, sans-serif;\\n\\","    margin: 2rem;\\n\\","}\\n\\","body > * {\\n\\","    margin-bottom: 1rem;\\n\\","}\\n\\",".utility2FooterDiv {\\n\\","    margin-top: 20px;\\n\\","    text-align: center;\\n\\","}\\n\\","</style>\\n\\","<style>\\n\\","/*csslint\\n\\","*/\\n\\","textarea {\\n\\","    font-family: monospace;\\n\\","    height: 10rem;\\n\\","    width: 100%;\\n\\","}\\n\\","textarea[readonly] {\\n\\","    background: #ddd;\\n\\","}\\n\\","</style>\\n\\","</head>\\n\\","<body>\\n\\","<!-- utility2-comment\\n\\","<div id=\"ajaxProgressDiv1\" style=\"background: #d00; height: 2px; left: 0; margin: 0; padding: 0; position: fixed; top: 0; transition: background 0.5s, width 1.5s; width: 25%;\"></div>\\n\\","utility2-comment -->\\n\\","<h1>\\n\\","<!-- utility2-comment\\n\\","    <a\\n\\","        {{#if env.npm_package_homepage}}\\n\\","        href=\"{{env.npm_package_homepage}}\"\\n\\","        {{/if env.npm_package_homepage}}\\n\\","        target=\"_blank\"\\n\\","    >\\n\\","utility2-comment -->\\n\\","        {{env.npm_package_name}} (v{{env.npm_package_version}})\\n\\","<!-- utility2-comment\\n\\","    </a>\\n\\","utility2-comment -->\\n\\","</h1>\\n\\","<h3>{{env.npm_package_description}}</h3>\\n\\","<!-- utility2-comment\\n\\","<h4><a download href=\"assets.app.js\">download standalone app</a></h4>\\n\\","<button class=\"onclick onreset\" id=\"testRunButton1\">run internal test</button><br>\\n\\","<div id=\"testReportDiv1\" style=\"display: none;\"></div>\\n\\","utility2-comment -->\\n\\","\\n\\","\\n\\","\\n\\","<label>stderr and stdout</label>\\n\\","<textarea class=\"resettable\" id=\"outputTextareaStdout1\" readonly></textarea>\\n\\","<!-- utility2-comment\\n\\","{{#if isRollup}}\\n\\","<script src=\"assets.app.js\"></script>\\n\\","{{#unless isRollup}}\\n\\","utility2-comment -->\\n\\","<script src=\"assets.utility2.rollup.js\"></script>\\n\\","<script src=\"jsonp.utility2._stateInit?callback=window.utility2._stateInit\"></script>\\n\\","<script src=\"assets.npmtest_fastparallel.rollup.js\"></script>\\n\\","<script src=\"assets.example.js\"></script>\\n\\","<script src=\"assets.test.js\"></script>\\n\\","<!-- utility2-comment\\n\\","{{/if isRollup}}\\n\\","utility2-comment -->\\n\\","<div class=\"utility2FooterDiv\">\\n\\","    [ this app was created with\\n\\","    <a href=\"https://github.com/kaizhu256/node-utility2\" target=\"_blank\">utility2</a>\\n\\","    ]\\n\\","</div>\\n\\","</body>\\n\\","</html>\\n\\","';","        /* jslint-ignore-end */","        if (local.templateRender) {","            local.assetsDict['/'] = local.templateRender(","                local.assetsDict['/assets.index.template.html'],","                {","                    env: local.objectSetDefault(local.env, {","                        npm_package_description: 'the greatest app in the world!',","                        npm_package_name: 'my-app',","                        npm_package_nameAlias: 'my_app',","                        npm_package_version: '0.0.1'","                    })","                }","            );","        } else {","            local.assetsDict['/'] = local.assetsDict['/assets.index.template.html']","                .replace((/\\{\\{env\\.(\\w+?)\\}\\}/g), function (match0, match1) {","                    // jslint-hack","                    String(match0);","                    switch (match1) {","                    case 'npm_package_description':","                        return 'the greatest app in the world!';","                    case 'npm_package_name':","                        return 'my-app';","                    case 'npm_package_nameAlias':","                        return 'my_app';","                    case 'npm_package_version':","                        return '0.0.1';","                    }","                });","        }","        // run the cli","        if (local.global.utility2_rollup || module !== require.main) {","            break;","        }","        local.assetsDict['/assets.example.js'] =","            local.assetsDict['/assets.example.js'] ||","            local.fs.readFileSync(__filename, 'utf8');","        // bug-workaround - long $npm_package_buildCustomOrg","        /* jslint-ignore-begin */","        local.assetsDict['/assets.npmtest_fastparallel.rollup.js'] =","            local.assetsDict['/assets.npmtest_fastparallel.rollup.js'] ||","            local.fs.readFileSync(","                local.npmtest_fastparallel.__dirname + '/lib.npmtest_fastparallel.js',","                'utf8'","            ).replace((/^#!/), '//');","        /* jslint-ignore-end */","        local.assetsDict['/favicon.ico'] = local.assetsDict['/favicon.ico'] || '';","        // if $npm_config_timeout_exit exists,","        // then exit this process after $npm_config_timeout_exit ms","        if (Number(process.env.npm_config_timeout_exit)) {","            setTimeout(process.exit, Number(process.env.npm_config_timeout_exit));","        }","        // start server","        if (local.global.utility2_serverHttp1) {","            break;","        }","        process.env.PORT = process.env.PORT || '8081';","        console.error('server starting on port ' + process.env.PORT);","        local.http.createServer(function (request, response) {","            request.urlParsed = local.url.parse(request.url);","            if (local.assetsDict[request.urlParsed.pathname] !== undefined) {","                response.end(local.assetsDict[request.urlParsed.pathname]);","                return;","            }","            response.statusCode = 404;","            response.end();","        }).listen(process.env.PORT);","        break;","    }","}());",""],"l":{"26":2,"28":2,"33":2,"35":2,"37":2,"38":2,"39":2,"44":1,"51":2,"55":2,"59":2,"61":2,"69":1,"70":2,"76":2,"79":2,"82":2,"83":2,"85":1,"89":2,"92":1,"93":1,"94":1,"96":1,"97":1,"100":1,"101":1,"103":1,"106":1,"108":2,"114":1,"116":1,"118":1,"123":1,"124":2,"125":2,"126":3,"127":3,"128":3,"129":3,"130":1,"133":3,"134":3,"139":3,"143":1,"144":3,"145":1,"149":1,"150":1,"158":1,"160":1,"161":1,"162":1,"164":1,"166":1,"258":1,"259":1,"271":1,"274":6,"275":6,"277":1,"279":2,"281":1,"283":2,"288":1,"289":1,"291":1,"296":1,"303":1,"306":1,"307":1,"310":1,"311":1,"313":1,"314":1,"315":1,"316":1,"317":1,"318":1,"319":1,"321":1,"322":1,"324":1}},"/home/travis/build/npmtest/node-npmtest-fastparallel/node_modules/fastparallel/parallel.js":{"path":"/home/travis/build/npmtest/node-npmtest-fastparallel/node_modules/fastparallel/parallel.js","s":{"1":1,"2":1,"3":1,"4":1,"5":8,"6":8,"7":8,"8":8,"9":8,"10":8,"11":8,"12":1,"13":0,"14":0,"15":0,"16":0,"17":0,"18":0,"19":0,"20":0,"21":0,"22":0,"23":0,"24":0,"25":0,"26":1,"27":0,"28":0,"29":1,"30":0,"31":1,"32":0,"33":0,"34":0,"35":0,"36":0,"37":0,"38":0,"39":0,"40":0,"41":0,"42":0,"43":1,"44":0,"45":0,"46":0,"47":0,"48":0,"49":0,"50":0,"51":0,"52":0,"53":0,"54":0,"55":0,"56":0,"57":0,"58":0,"59":0,"60":0,"61":1,"62":0,"63":0,"64":0,"65":0,"66":0,"67":1,"68":0,"69":0,"70":0,"71":0,"72":0,"73":0,"74":0,"75":0,"76":0,"77":0,"78":0,"79":1,"80":4,"81":4,"82":4,"83":4,"84":4,"85":4,"86":4,"87":4,"88":0,"89":0,"90":0,"91":0,"92":0,"93":0,"94":0,"95":0,"96":0,"97":1,"98":8,"99":8,"100":8,"101":8,"102":8,"103":8,"104":0,"105":0,"106":0,"107":0,"108":1,"109":4,"110":4,"111":4,"112":4,"113":4,"114":4,"115":4,"116":4,"117":4,"118":4,"119":0,"120":0,"121":0,"122":0,"123":0,"124":0,"125":0,"126":0,"127":0,"128":0,"129":0,"130":0,"131":0,"132":0,"133":1,"134":1},"b":{"1":[4,4],"2":[4,4],"3":[4,4],"4":[0,0],"5":[0,0],"6":[0,0],"7":[0,0],"8":[0,0],"9":[0,0],"10":[0,0],"11":[0,0],"12":[0,0],"13":[0,0],"14":[0,0],"15":[0,0],"16":[0,0],"17":[0,0],"18":[0,0],"19":[0,0],"20":[0,0],"21":[0,0],"22":[0,0],"23":[0,0]},"f":{"1":8,"2":0,"3":0,"4":0,"5":0,"6":0,"7":0,"8":0,"9":4,"10":0,"11":8,"12":0,"13":4,"14":0,"15":0},"fnMap":{"1":{"name":"fastparallel","line":10,"loc":{"start":{"line":10,"column":0},"end":{"line":10,"column":32}}},"2":{"name":"parallel","line":21,"loc":{"start":{"line":21,"column":2},"end":{"line":21,"column":46}}},"3":{"name":"release","line":44,"loc":{"start":{"line":44,"column":2},"end":{"line":44,"column":28}}},"4":{"name":"singleCallerRelease","line":49,"loc":{"start":{"line":49,"column":2},"end":{"line":49,"column":40}}},"5":{"name":"goResultsFunc","line":53,"loc":{"start":{"line":53,"column":2},"end":{"line":53,"column":53}}},"6":{"name":"goResultsArray","line":70,"loc":{"start":{"line":70,"column":2},"end":{"line":70,"column":53}}},"7":{"name":"goNoResultsFunc","line":91,"loc":{"start":{"line":91,"column":2},"end":{"line":91,"column":55}}},"8":{"name":"goNoResultsArray","line":102,"loc":{"start":{"line":102,"column":2},"end":{"line":102,"column":55}}},"9":{"name":"NoResultsHolder","line":124,"loc":{"start":{"line":124,"column":0},"end":{"line":124,"column":28}}},"10":{"name":"(anonymous_10)","line":133,"loc":{"start":{"line":133,"column":17},"end":{"line":133,"column":29}}},"11":{"name":"SingleCaller","line":149,"loc":{"start":{"line":149,"column":0},"end":{"line":149,"column":25}}},"12":{"name":"(anonymous_12)","line":156,"loc":{"start":{"line":156,"column":17},"end":{"line":156,"column":40}}},"13":{"name":"ResultsHolder","line":164,"loc":{"start":{"line":164,"column":0},"end":{"line":164,"column":26}}},"14":{"name":"(anonymous_14)","line":175,"loc":{"start":{"line":175,"column":17},"end":{"line":175,"column":45}}},"15":{"name":"nop","line":197,"loc":{"start":{"line":197,"column":0},"end":{"line":197,"column":16}}}},"statementMap":{"1":{"start":{"line":3,"column":0},"end":{"line":3,"column":28}},"2":{"start":{"line":4,"column":0},"end":{"line":4,"column":32}},"3":{"start":{"line":5,"column":0},"end":{"line":8,"column":1}},"4":{"start":{"line":10,"column":0},"end":{"line":122,"column":1}},"5":{"start":{"line":11,"column":2},"end":{"line":11,"column":36}},"6":{"start":{"line":13,"column":2},"end":{"line":13,"column":33}},"7":{"start":{"line":14,"column":2},"end":{"line":14,"column":72}},"8":{"start":{"line":15,"column":2},"end":{"line":15,"column":47}},"9":{"start":{"line":16,"column":2},"end":{"line":16,"column":67}},"10":{"start":{"line":17,"column":2},"end":{"line":17,"column":64}},"11":{"start":{"line":19,"column":2},"end":{"line":19,"column":17}},"12":{"start":{"line":21,"column":2},"end":{"line":42,"column":3}},"13":{"start":{"line":22,"column":4},"end":{"line":22,"column":28}},"14":{"start":{"line":23,"column":4},"end":{"line":23,"column":22}},"15":{"start":{"line":24,"column":4},"end":{"line":41,"column":5}},"16":{"start":{"line":25,"column":6},"end":{"line":25,"column":21}},"17":{"start":{"line":26,"column":6},"end":{"line":26,"column":22}},"18":{"start":{"line":28,"column":6},"end":{"line":28,"column":29}},"19":{"start":{"line":29,"column":6},"end":{"line":29,"column":29}},"20":{"start":{"line":30,"column":6},"end":{"line":30,"column":31}},"21":{"start":{"line":32,"column":6},"end":{"line":36,"column":7}},"22":{"start":{"line":33,"column":8},"end":{"line":33,"column":41}},"23":{"start":{"line":35,"column":8},"end":{"line":35,"column":42}},"24":{"start":{"line":38,"column":6},"end":{"line":40,"column":7}},"25":{"start":{"line":39,"column":8},"end":{"line":39,"column":24}},"26":{"start":{"line":44,"column":2},"end":{"line":47,"column":3}},"27":{"start":{"line":45,"column":4},"end":{"line":45,"column":25}},"28":{"start":{"line":46,"column":4},"end":{"line":46,"column":20}},"29":{"start":{"line":49,"column":2},"end":{"line":51,"column":3}},"30":{"start":{"line":50,"column":4},"end":{"line":50,"column":37}},"31":{"start":{"line":53,"column":2},"end":{"line":68,"column":3}},"32":{"start":{"line":54,"column":4},"end":{"line":54,"column":27}},"33":{"start":{"line":55,"column":4},"end":{"line":55,"column":30}},"34":{"start":{"line":56,"column":4},"end":{"line":56,"column":46}},"35":{"start":{"line":57,"column":4},"end":{"line":67,"column":5}},"36":{"start":{"line":58,"column":6},"end":{"line":58,"column":44}},"37":{"start":{"line":59,"column":6},"end":{"line":59,"column":49}},"38":{"start":{"line":60,"column":6},"end":{"line":60,"column":34}},"39":{"start":{"line":61,"column":6},"end":{"line":61,"column":26}},"40":{"start":{"line":62,"column":6},"end":{"line":66,"column":7}},"41":{"start":{"line":63,"column":8},"end":{"line":63,"column":55}},"42":{"start":{"line":65,"column":8},"end":{"line":65,"column":44}},"43":{"start":{"line":70,"column":2},"end":{"line":89,"column":3}},"44":{"start":{"line":71,"column":4},"end":{"line":71,"column":17}},"45":{"start":{"line":72,"column":4},"end":{"line":72,"column":16}},"46":{"start":{"line":73,"column":4},"end":{"line":73,"column":32}},"47":{"start":{"line":74,"column":4},"end":{"line":74,"column":46}},"48":{"start":{"line":75,"column":4},"end":{"line":88,"column":5}},"49":{"start":{"line":76,"column":6},"end":{"line":76,"column":34}},"50":{"start":{"line":77,"column":6},"end":{"line":77,"column":39}},"51":{"start":{"line":78,"column":6},"end":{"line":78,"column":24}},"52":{"start":{"line":79,"column":6},"end":{"line":79,"column":16}},"53":{"start":{"line":80,"column":6},"end":{"line":80,"column":19}},"54":{"start":{"line":81,"column":6},"end":{"line":87,"column":7}},"55":{"start":{"line":82,"column":8},"end":{"line":83,"column":43}},"56":{"start":{"line":82,"column":29},"end":{"line":82,"column":54}},"57":{"start":{"line":83,"column":13},"end":{"line":83,"column":43}},"58":{"start":{"line":85,"column":8},"end":{"line":86,"column":32}},"59":{"start":{"line":85,"column":29},"end":{"line":85,"column":43}},"60":{"start":{"line":86,"column":13},"end":{"line":86,"column":32}},"61":{"start":{"line":91,"column":2},"end":{"line":100,"column":3}},"62":{"start":{"line":92,"column":4},"end":{"line":92,"column":30}},"63":{"start":{"line":93,"column":4},"end":{"line":99,"column":5}},"64":{"start":{"line":94,"column":6},"end":{"line":98,"column":7}},"65":{"start":{"line":95,"column":8},"end":{"line":95,"column":49}},"66":{"start":{"line":97,"column":8},"end":{"line":97,"column":38}},"67":{"start":{"line":102,"column":2},"end":{"line":121,"column":3}},"68":{"start":{"line":103,"column":4},"end":{"line":103,"column":21}},"69":{"start":{"line":104,"column":4},"end":{"line":104,"column":32}},"70":{"start":{"line":105,"column":4},"end":{"line":120,"column":5}},"71":{"start":{"line":106,"column":6},"end":{"line":106,"column":23}},"72":{"start":{"line":107,"column":6},"end":{"line":119,"column":7}},"73":{"start":{"line":108,"column":8},"end":{"line":112,"column":9}},"74":{"start":{"line":109,"column":10},"end":{"line":109,"column":43}},"75":{"start":{"line":111,"column":10},"end":{"line":111,"column":48}},"76":{"start":{"line":114,"column":8},"end":{"line":118,"column":9}},"77":{"start":{"line":115,"column":10},"end":{"line":115,"column":32}},"78":{"start":{"line":117,"column":10},"end":{"line":117,"column":37}},"79":{"start":{"line":124,"column":0},"end":{"line":147,"column":1}},"80":{"start":{"line":125,"column":2},"end":{"line":125,"column":18}},"81":{"start":{"line":126,"column":2},"end":{"line":126,"column":22}},"82":{"start":{"line":127,"column":2},"end":{"line":127,"column":23}},"83":{"start":{"line":128,"column":2},"end":{"line":128,"column":22}},"84":{"start":{"line":129,"column":2},"end":{"line":129,"column":18}},"85":{"start":{"line":131,"column":2},"end":{"line":131,"column":17}},"86":{"start":{"line":132,"column":2},"end":{"line":132,"column":11}},"87":{"start":{"line":133,"column":2},"end":{"line":146,"column":3}},"88":{"start":{"line":134,"column":4},"end":{"line":134,"column":27}},"89":{"start":{"line":135,"column":4},"end":{"line":145,"column":5}},"90":{"start":{"line":136,"column":6},"end":{"line":140,"column":7}},"91":{"start":{"line":137,"column":8},"end":{"line":137,"column":31}},"92":{"start":{"line":139,"column":8},"end":{"line":139,"column":12}},"93":{"start":{"line":141,"column":6},"end":{"line":141,"column":26}},"94":{"start":{"line":142,"column":6},"end":{"line":142,"column":27}},"95":{"start":{"line":143,"column":6},"end":{"line":143,"column":25}},"96":{"start":{"line":144,"column":6},"end":{"line":144,"column":11}},"97":{"start":{"line":149,"column":0},"end":{"line":162,"column":1}},"98":{"start":{"line":150,"column":2},"end":{"line":150,"column":15}},"99":{"start":{"line":151,"column":2},"end":{"line":151,"column":21}},"100":{"start":{"line":152,"column":2},"end":{"line":152,"column":20}},"101":{"start":{"line":153,"column":2},"end":{"line":153,"column":18}},"102":{"start":{"line":155,"column":2},"end":{"line":155,"column":17}},"103":{"start":{"line":156,"column":2},"end":{"line":161,"column":3}},"104":{"start":{"line":157,"column":4},"end":{"line":157,"column":46}},"105":{"start":{"line":158,"column":4},"end":{"line":158,"column":17}},"106":{"start":{"line":159,"column":4},"end":{"line":159,"column":22}},"107":{"start":{"line":160,"column":4},"end":{"line":160,"column":23}},"108":{"start":{"line":164,"column":0},"end":{"line":195,"column":1}},"109":{"start":{"line":165,"column":2},"end":{"line":165,"column":18}},"110":{"start":{"line":166,"column":2},"end":{"line":166,"column":22}},"111":{"start":{"line":167,"column":2},"end":{"line":167,"column":22}},"112":{"start":{"line":168,"column":2},"end":{"line":168,"column":18}},"113":{"start":{"line":169,"column":2},"end":{"line":169,"column":23}},"114":{"start":{"line":170,"column":2},"end":{"line":170,"column":21}},"115":{"start":{"line":171,"column":2},"end":{"line":171,"column":18}},"116":{"start":{"line":173,"column":2},"end":{"line":173,"column":17}},"117":{"start":{"line":174,"column":2},"end":{"line":174,"column":11}},"118":{"start":{"line":175,"column":2},"end":{"line":194,"column":3}},"119":{"start":{"line":176,"column":4},"end":{"line":176,"column":32}},"120":{"start":{"line":177,"column":4},"end":{"line":179,"column":5}},"121":{"start":{"line":178,"column":6},"end":{"line":178,"column":33}},"122":{"start":{"line":180,"column":4},"end":{"line":180,"column":27}},"123":{"start":{"line":181,"column":4},"end":{"line":193,"column":5}},"124":{"start":{"line":182,"column":6},"end":{"line":186,"column":7}},"125":{"start":{"line":183,"column":8},"end":{"line":183,"column":57}},"126":{"start":{"line":185,"column":8},"end":{"line":185,"column":36}},"127":{"start":{"line":187,"column":6},"end":{"line":187,"column":26}},"128":{"start":{"line":188,"column":6},"end":{"line":188,"column":26}},"129":{"start":{"line":189,"column":6},"end":{"line":189,"column":22}},"130":{"start":{"line":190,"column":6},"end":{"line":190,"column":27}},"131":{"start":{"line":191,"column":6},"end":{"line":191,"column":11}},"132":{"start":{"line":192,"column":6},"end":{"line":192,"column":25}},"133":{"start":{"line":197,"column":0},"end":{"line":197,"column":19}},"134":{"start":{"line":199,"column":0},"end":{"line":199,"column":29}}},"branchMap":{"1":{"line":14,"type":"cond-expr","locations":[{"start":{"line":14,"column":40},"end":{"line":14,"column":53}},{"start":{"line":14,"column":56},"end":{"line":14,"column":71}}]},"2":{"line":16,"type":"cond-expr","locations":[{"start":{"line":16,"column":34},"end":{"line":16,"column":48}},{"start":{"line":16,"column":51},"end":{"line":16,"column":67}}]},"3":{"line":17,"type":"cond-expr","locations":[{"start":{"line":17,"column":33},"end":{"line":17,"column":46}},{"start":{"line":17,"column":49},"end":{"line":17,"column":64}}]},"4":{"line":23,"type":"binary-expr","locations":[{"start":{"line":23,"column":11},"end":{"line":23,"column":15}},{"start":{"line":23,"column":19},"end":{"line":23,"column":22}}]},"5":{"line":24,"type":"if","locations":[{"start":{"line":24,"column":4},"end":{"line":24,"column":4}},{"start":{"line":24,"column":4},"end":{"line":24,"column":4}}]},"6":{"line":32,"type":"if","locations":[{"start":{"line":32,"column":6},"end":{"line":32,"column":6}},{"start":{"line":32,"column":6},"end":{"line":32,"column":6}}]},"7":{"line":38,"type":"if","locations":[{"start":{"line":38,"column":6},"end":{"line":38,"column":6}},{"start":{"line":38,"column":6},"end":{"line":38,"column":6}}]},"8":{"line":62,"type":"if","locations":[{"start":{"line":62,"column":6},"end":{"line":62,"column":6}},{"start":{"line":62,"column":6},"end":{"line":62,"column":6}}]},"9":{"line":81,"type":"if","locations":[{"start":{"line":81,"column":6},"end":{"line":81,"column":6}},{"start":{"line":81,"column":6},"end":{"line":81,"column":6}}]},"10":{"line":82,"type":"if","locations":[{"start":{"line":82,"column":8},"end":{"line":82,"column":8}},{"start":{"line":82,"column":8},"end":{"line":82,"column":8}}]},"11":{"line":85,"type":"if","locations":[{"start":{"line":85,"column":8},"end":{"line":85,"column":8}},{"start":{"line":85,"column":8},"end":{"line":85,"column":8}}]},"12":{"line":94,"type":"if","locations":[{"start":{"line":94,"column":6},"end":{"line":94,"column":6}},{"start":{"line":94,"column":6},"end":{"line":94,"column":6}}]},"13":{"line":107,"type":"if","locations":[{"start":{"line":107,"column":6},"end":{"line":107,"column":6}},{"start":{"line":107,"column":6},"end":{"line":107,"column":6}}]},"14":{"line":108,"type":"if","locations":[{"start":{"line":108,"column":8},"end":{"line":108,"column":8}},{"start":{"line":108,"column":8},"end":{"line":108,"column":8}}]},"15":{"line":114,"type":"if","locations":[{"start":{"line":114,"column":8},"end":{"line":114,"column":8}},{"start":{"line":114,"column":8},"end":{"line":114,"column":8}}]},"16":{"line":135,"type":"if","locations":[{"start":{"line":135,"column":4},"end":{"line":135,"column":4}},{"start":{"line":135,"column":4},"end":{"line":135,"column":4}}]},"17":{"line":135,"type":"binary-expr","locations":[{"start":{"line":135,"column":8},"end":{"line":135,"column":27}},{"start":{"line":135,"column":31},"end":{"line":135,"column":48}}]},"18":{"line":136,"type":"if","locations":[{"start":{"line":136,"column":6},"end":{"line":136,"column":6}},{"start":{"line":136,"column":6},"end":{"line":136,"column":6}}]},"19":{"line":176,"type":"binary-expr","locations":[{"start":{"line":176,"column":16},"end":{"line":176,"column":25}},{"start":{"line":176,"column":29},"end":{"line":176,"column":32}}]},"20":{"line":177,"type":"if","locations":[{"start":{"line":177,"column":4},"end":{"line":177,"column":4}},{"start":{"line":177,"column":4},"end":{"line":177,"column":4}}]},"21":{"line":181,"type":"if","locations":[{"start":{"line":181,"column":4},"end":{"line":181,"column":4}},{"start":{"line":181,"column":4},"end":{"line":181,"column":4}}]},"22":{"line":181,"type":"binary-expr","locations":[{"start":{"line":181,"column":8},"end":{"line":181,"column":27}},{"start":{"line":181,"column":31},"end":{"line":181,"column":48}}]},"23":{"line":182,"type":"if","locations":[{"start":{"line":182,"column":6},"end":{"line":182,"column":6}},{"start":{"line":182,"column":6},"end":{"line":182,"column":6}}]}},"code":["'use strict'","","var xtend = require('xtend')","var reusify = require('reusify')","var defaults = {","  released: nop,","  results: true","}","","function fastparallel (options) {","  options = xtend(defaults, options)","","  var released = options.released","  var queue = reusify(options.results ? ResultsHolder : NoResultsHolder)","  var queueSingleCaller = reusify(SingleCaller)","  var goArray = options.results ? goResultsArray : goNoResultsArray","  var goFunc = options.results ? goResultsFunc : goNoResultsFunc","","  return parallel","","  function parallel (that, toCall, arg, done) {","    var holder = queue.get()","    done = done || nop","    if (toCall.length === 0) {","      done.call(that)","      released(holder)","    } else {","      holder._callback = done","      holder._callThat = that","      holder._release = release","","      if (typeof toCall === 'function') {","        goFunc(that, toCall, arg, holder)","      } else {","        goArray(that, toCall, arg, holder)","      }","","      if (holder._count === 0) {","        holder.release()","      }","    }","  }","","  function release (holder) {","    queue.release(holder)","    released(holder)","  }","","  function singleCallerRelease (holder) {","    queueSingleCaller.release(holder)","  }","","  function goResultsFunc (that, toCall, arg, holder) {","    var singleCaller = null","    holder._count = arg.length","    holder._results = new Array(holder._count)","    for (var i = 0; i < arg.length; i++) {","      singleCaller = queueSingleCaller.get()","      singleCaller._release = singleCallerRelease","      singleCaller.parent = holder","      singleCaller.pos = i","      if (that) {","        toCall.call(that, arg[i], singleCaller.release)","      } else {","        toCall(arg[i], singleCaller.release)","      }","    }","  }","","  function goResultsArray (that, funcs, arg, holder) {","    var sc = null","    var tc = nop","    holder._count = funcs.length","    holder._results = new Array(holder._count)","    for (var i = 0; i < funcs.length; i++) {","      sc = queueSingleCaller.get()","      sc._release = singleCallerRelease","      sc.parent = holder","      sc.pos = i","      tc = funcs[i]","      if (that) {","        if (tc.length === 1) tc.call(that, sc.release)","        else tc.call(that, arg, sc.release)","      } else {","        if (tc.length === 1) tc(sc.release)","        else tc(arg, sc.release)","      }","    }","  }","","  function goNoResultsFunc (that, toCall, arg, holder) {","    holder._count = arg.length","    for (var i = 0; i < arg.length; i++) {","      if (that) {","        toCall.call(that, arg[i], holder.release)","      } else {","        toCall(arg[i], holder.release)","      }","    }","  }","","  function goNoResultsArray (that, funcs, arg, holder) {","    var toCall = null","    holder._count = funcs.length","    for (var i = 0; i < funcs.length; i++) {","      toCall = funcs[i]","      if (that) {","        if (toCall.length === 1) {","          toCall.call(that, holder.release)","        } else {","          toCall.call(that, arg, holder.release)","        }","      } else {","        if (toCall.length === 1) {","          toCall(holder.release)","        } else {","          toCall(arg, holder.release)","        }","      }","    }","  }","}","","function NoResultsHolder () {","  this._count = -1","  this._callback = nop","  this._callThat = null","  this._release = null","  this.next = null","","  var that = this","  var i = 0","  this.release = function () {","    var cb = that._callback","    if (++i === that._count || that._count === 0) {","      if (that._callThat) {","        cb.call(that._callThat)","      } else {","        cb()","      }","      that._callback = nop","      that._callThat = null","      that._release(that)","      i = 0","    }","  }","}","","function SingleCaller () {","  this.pos = -1","  this._release = nop","  this.parent = null","  this.next = null","","  var that = this","  this.release = function (err, result) {","    that.parent.release(err, that.pos, result)","    that.pos = -1","    that.parent = null","    that._release(that)","  }","}","","function ResultsHolder () {","  this._count = -1","  this._callback = nop","  this._results = null","  this._err = null","  this._callThat = null","  this._release = nop","  this.next = null","","  var that = this","  var i = 0","  this.release = function (err, pos, result) {","    that._err = that._err || err","    if (pos >= 0) {","      that._results[pos] = result","    }","    var cb = that._callback","    if (++i === that._count || that._count === 0) {","      if (that._callThat) {","        cb.call(that._callThat, that._err, that._results)","      } else {","        cb(that._err, that._results)","      }","      that._callback = nop","      that._results = null","      that._err = null","      that._callThat = null","      i = 0","      that._release(that)","    }","  }","}","","function nop () { }","","module.exports = fastparallel",""],"l":{"3":1,"4":1,"5":1,"10":1,"11":8,"13":8,"14":8,"15":8,"16":8,"17":8,"19":8,"21":1,"22":0,"23":0,"24":0,"25":0,"26":0,"28":0,"29":0,"30":0,"32":0,"33":0,"35":0,"38":0,"39":0,"44":1,"45":0,"46":0,"49":1,"50":0,"53":1,"54":0,"55":0,"56":0,"57":0,"58":0,"59":0,"60":0,"61":0,"62":0,"63":0,"65":0,"70":1,"71":0,"72":0,"73":0,"74":0,"75":0,"76":0,"77":0,"78":0,"79":0,"80":0,"81":0,"82":0,"83":0,"85":0,"86":0,"91":1,"92":0,"93":0,"94":0,"95":0,"97":0,"102":1,"103":0,"104":0,"105":0,"106":0,"107":0,"108":0,"109":0,"111":0,"114":0,"115":0,"117":0,"124":1,"125":4,"126":4,"127":4,"128":4,"129":4,"131":4,"132":4,"133":4,"134":0,"135":0,"136":0,"137":0,"139":0,"141":0,"142":0,"143":0,"144":0,"149":1,"150":8,"151":8,"152":8,"153":8,"155":8,"156":8,"157":0,"158":0,"159":0,"160":0,"164":1,"165":4,"166":4,"167":4,"168":4,"169":4,"170":4,"171":4,"173":4,"174":4,"175":4,"176":0,"177":0,"178":0,"180":0,"181":0,"182":0,"183":0,"185":0,"187":0,"188":0,"189":0,"190":0,"191":0,"192":0,"197":1,"199":1}},"/home/travis/build/npmtest/node-npmtest-fastparallel/node_modules/fastparallel/bench.js":{"path":"/home/travis/build/npmtest/node-npmtest-fastparallel/node_modules/fastparallel/bench.js","s":{"1":2,"2":2,"3":2,"4":2,"5":0,"6":0,"7":0,"8":0,"9":0,"10":1,"11":0,"12":1,"13":0,"14":1,"15":0,"16":1,"17":0,"18":1,"19":0,"20":1,"21":0,"22":1,"23":0,"24":1,"25":0,"26":1,"27":0,"28":0,"29":0,"30":0,"31":1,"32":0,"33":1,"34":0,"35":1,"36":0,"37":1,"38":0,"39":1,"40":0,"41":1,"42":0,"43":0,"44":0,"45":1,"46":0,"47":0,"48":0,"49":0,"50":0,"51":1,"52":0,"53":0,"54":0,"55":1,"56":0,"57":1,"58":0,"59":0,"60":0},"b":{"1":[0,0]},"f":{"1":0,"2":0,"3":0,"4":0,"5":0,"6":0,"7":0,"8":0,"9":0,"10":0,"11":0,"12":0,"13":0,"14":0,"15":0,"16":0,"17":0,"18":0,"19":0},"fnMap":{"1":{"name":"benchFastParallel","line":11,"loc":{"start":{"line":11,"column":0},"end":{"line":11,"column":34}}},"2":{"name":"benchFastParallelNoResults","line":15,"loc":{"start":{"line":15,"column":0},"end":{"line":15,"column":43}}},"3":{"name":"benchFastParallelEach","line":19,"loc":{"start":{"line":19,"column":0},"end":{"line":19,"column":38}}},"4":{"name":"benchFastParallelEachResults","line":23,"loc":{"start":{"line":23,"column":0},"end":{"line":23,"column":45}}},"5":{"name":"benchAsyncParallel","line":27,"loc":{"start":{"line":27,"column":0},"end":{"line":27,"column":35}}},"6":{"name":"benchInsyncParallel","line":31,"loc":{"start":{"line":31,"column":0},"end":{"line":31,"column":36}}},"7":{"name":"benchNeoParallel","line":35,"loc":{"start":{"line":35,"column":0},"end":{"line":35,"column":33}}},"8":{"name":"benchItemsParallel","line":39,"loc":{"start":{"line":39,"column":0},"end":{"line":39,"column":35}}},"9":{"name":"benchParallelize","line":43,"loc":{"start":{"line":43,"column":0},"end":{"line":43,"column":33}}},"10":{"name":"benchAsyncEach","line":51,"loc":{"start":{"line":51,"column":0},"end":{"line":51,"column":31}}},"11":{"name":"benchNeoEach","line":55,"loc":{"start":{"line":55,"column":0},"end":{"line":55,"column":29}}},"12":{"name":"benchAsyncMap","line":59,"loc":{"start":{"line":59,"column":0},"end":{"line":59,"column":30}}},"13":{"name":"benchNeoMap","line":63,"loc":{"start":{"line":63,"column":0},"end":{"line":63,"column":28}}},"14":{"name":"benchInsyncEach","line":67,"loc":{"start":{"line":67,"column":0},"end":{"line":67,"column":32}}},"15":{"name":"benchInsyncMap","line":71,"loc":{"start":{"line":71,"column":0},"end":{"line":71,"column":31}}},"16":{"name":"benchSetImmediate","line":78,"loc":{"start":{"line":78,"column":0},"end":{"line":78,"column":34}}},"17":{"name":"somethingImmediate","line":86,"loc":{"start":{"line":86,"column":0},"end":{"line":86,"column":31}}},"18":{"name":"somethingP","line":93,"loc":{"start":{"line":93,"column":0},"end":{"line":93,"column":30}}},"19":{"name":"somethingA","line":97,"loc":{"start":{"line":97,"column":0},"end":{"line":97,"column":25}}}},"statementMap":{"1":{"start":{"line":1,"column":0},"end":{"line":1,"column":17}},"2":{"start":{"line":2,"column":0},"end":{"line":2,"column":30}},"3":{"start":{"line":3,"column":0},"end":{"line":3,"column":57}},"4":{"start":{"line":4,"column":0},"end":{"line":4,"column":32}},"5":{"start":{"line":5,"column":0},"end":{"line":5,"column":28}},"6":{"start":{"line":6,"column":0},"end":{"line":6,"column":30}},"7":{"start":{"line":7,"column":0},"end":{"line":7,"column":30}},"8":{"start":{"line":8,"column":0},"end":{"line":8,"column":28}},"9":{"start":{"line":9,"column":0},"end":{"line":9,"column":40}},"10":{"start":{"line":11,"column":0},"end":{"line":13,"column":1}},"11":{"start":{"line":12,"column":2},"end":{"line":12,"column":64}},"12":{"start":{"line":15,"column":0},"end":{"line":17,"column":1}},"13":{"start":{"line":16,"column":2},"end":{"line":16,"column":73}},"14":{"start":{"line":19,"column":0},"end":{"line":21,"column":1}},"15":{"start":{"line":20,"column":2},"end":{"line":20,"column":54}},"16":{"start":{"line":23,"column":0},"end":{"line":25,"column":1}},"17":{"start":{"line":24,"column":2},"end":{"line":24,"column":45}},"18":{"start":{"line":27,"column":0},"end":{"line":29,"column":1}},"19":{"start":{"line":28,"column":2},"end":{"line":28,"column":60}},"20":{"start":{"line":31,"column":0},"end":{"line":33,"column":1}},"21":{"start":{"line":32,"column":2},"end":{"line":32,"column":61}},"22":{"start":{"line":35,"column":0},"end":{"line":37,"column":1}},"23":{"start":{"line":36,"column":2},"end":{"line":36,"column":58}},"24":{"start":{"line":39,"column":0},"end":{"line":41,"column":1}},"25":{"start":{"line":40,"column":2},"end":{"line":40,"column":68}},"26":{"start":{"line":43,"column":0},"end":{"line":49,"column":1}},"27":{"start":{"line":44,"column":2},"end":{"line":44,"column":30}},"28":{"start":{"line":46,"column":2},"end":{"line":46,"column":20}},"29":{"start":{"line":47,"column":2},"end":{"line":47,"column":20}},"30":{"start":{"line":48,"column":2},"end":{"line":48,"column":20}},"31":{"start":{"line":51,"column":0},"end":{"line":53,"column":1}},"32":{"start":{"line":52,"column":2},"end":{"line":52,"column":41}},"33":{"start":{"line":55,"column":0},"end":{"line":57,"column":1}},"34":{"start":{"line":56,"column":2},"end":{"line":56,"column":39}},"35":{"start":{"line":59,"column":0},"end":{"line":61,"column":1}},"36":{"start":{"line":60,"column":2},"end":{"line":60,"column":40}},"37":{"start":{"line":63,"column":0},"end":{"line":65,"column":1}},"38":{"start":{"line":64,"column":2},"end":{"line":64,"column":38}},"39":{"start":{"line":67,"column":0},"end":{"line":69,"column":1}},"40":{"start":{"line":68,"column":2},"end":{"line":68,"column":42}},"41":{"start":{"line":71,"column":0},"end":{"line":73,"column":1}},"42":{"start":{"line":72,"column":2},"end":{"line":72,"column":41}},"43":{"start":{"line":75,"column":0},"end":{"line":75,"column":12}},"44":{"start":{"line":76,"column":0},"end":{"line":76,"column":13}},"45":{"start":{"line":78,"column":0},"end":{"line":84,"column":1}},"46":{"start":{"line":79,"column":2},"end":{"line":79,"column":15}},"47":{"start":{"line":80,"column":2},"end":{"line":80,"column":17}},"48":{"start":{"line":81,"column":2},"end":{"line":81,"column":34}},"49":{"start":{"line":82,"column":2},"end":{"line":82,"column":34}},"50":{"start":{"line":83,"column":2},"end":{"line":83,"column":34}},"51":{"start":{"line":86,"column":0},"end":{"line":91,"column":1}},"52":{"start":{"line":87,"column":2},"end":{"line":87,"column":13}},"53":{"start":{"line":88,"column":2},"end":{"line":90,"column":3}},"54":{"start":{"line":89,"column":4},"end":{"line":89,"column":14}},"55":{"start":{"line":93,"column":0},"end":{"line":95,"column":1}},"56":{"start":{"line":94,"column":2},"end":{"line":94,"column":18}},"57":{"start":{"line":97,"column":0},"end":{"line":99,"column":1}},"58":{"start":{"line":98,"column":2},"end":{"line":98,"column":18}},"59":{"start":{"line":101,"column":0},"end":{"line":118,"column":7}},"60":{"start":{"line":120,"column":0},"end":{"line":120,"column":8}}},"branchMap":{"1":{"line":88,"type":"if","locations":[{"start":{"line":88,"column":2},"end":{"line":88,"column":2}},{"start":{"line":88,"column":2},"end":{"line":88,"column":2}}]}},"code":["var max = 1000000","var parallel = require('./')()","var parallelNoResults = require('./')({ results: false })","var bench = require('fastbench')","var async = require('async')","var neo = require('neo-async')","var insync = require('insync')","var items = require('items')","var parallelize = require('parallelize')","","function benchFastParallel (done) {","  parallel(null, [somethingP, somethingP, somethingP], 42, done)","}","","function benchFastParallelNoResults (done) {","  parallelNoResults(null, [somethingP, somethingP, somethingP], 42, done)","}","","function benchFastParallelEach (done) {","  parallelNoResults(null, somethingP, [1, 2, 3], done)","}","","function benchFastParallelEachResults (done) {","  parallel(null, somethingP, [1, 2, 3], done)","}","","function benchAsyncParallel (done) {","  async.parallel([somethingA, somethingA, somethingA], done)","}","","function benchInsyncParallel (done) {","  insync.parallel([somethingA, somethingA, somethingA], done)","}","","function benchNeoParallel (done) {","  neo.parallel([somethingA, somethingA, somethingA], done)","}","","function benchItemsParallel (done) {","  items.parallel.execute([somethingA, somethingA, somethingA], done)","}","","function benchParallelize (done) {","  var next = parallelize(done)","","  somethingA(next())","  somethingA(next())","  somethingA(next())","}","","function benchAsyncEach (done) {","  async.each([1, 2, 3], somethingP, done)","}","","function benchNeoEach (done) {","  neo.each([1, 2, 3], somethingP, done)","}","","function benchAsyncMap (done) {","  async.map([1, 2, 3], somethingP, done)","}","","function benchNeoMap (done) {","  neo.map([1, 2, 3], somethingP, done)","}","","function benchInsyncEach (done) {","  insync.each([1, 2, 3], somethingP, done)","}","","function benchInsyncMap (done) {","  insync.map([1, 2, 3], somethingP, done)","}","","var nextDone","var nextCount","","function benchSetImmediate (done) {","  nextCount = 3","  nextDone = done","  setImmediate(somethingImmediate)","  setImmediate(somethingImmediate)","  setImmediate(somethingImmediate)","}","","function somethingImmediate () {","  nextCount--","  if (nextCount === 0) {","    nextDone()","  }","}","","function somethingP (arg, cb) {","  setImmediate(cb)","}","","function somethingA (cb) {","  setImmediate(cb)","}","","var run = bench([","  benchSetImmediate,","  benchAsyncParallel,","  benchAsyncEach,","  benchAsyncMap,","  benchNeoParallel,","  benchNeoEach,","  benchNeoMap,","  benchInsyncParallel,","  benchInsyncEach,","  benchInsyncMap,","  benchItemsParallel,","  benchParallelize,","  benchFastParallel,","  benchFastParallelNoResults,","  benchFastParallelEachResults,","  benchFastParallelEach","], max)","","run(run)",""],"l":{"1":2,"2":2,"3":2,"4":2,"5":0,"6":0,"7":0,"8":0,"9":0,"11":1,"12":0,"15":1,"16":0,"19":1,"20":0,"23":1,"24":0,"27":1,"28":0,"31":1,"32":0,"35":1,"36":0,"39":1,"40":0,"43":1,"44":0,"46":0,"47":0,"48":0,"51":1,"52":0,"55":1,"56":0,"59":1,"60":0,"63":1,"64":0,"67":1,"68":0,"71":1,"72":0,"75":0,"76":0,"78":1,"79":0,"80":0,"81":0,"82":0,"83":0,"86":1,"87":0,"88":0,"89":0,"93":1,"94":0,"97":1,"98":0,"101":0,"120":0}},"/home/travis/build/npmtest/node-npmtest-fastparallel/node_modules/fastparallel/bench_long.js":{"path":"/home/travis/build/npmtest/node-npmtest-fastparallel/node_modules/fastparallel/bench_long.js","s":{"1":2,"2":2,"3":2,"4":2,"5":0,"6":0,"7":0,"8":0,"9":0,"10":1,"11":0,"12":1,"13":0,"14":1,"15":0,"16":1,"17":0,"18":1,"19":0,"20":0,"21":0},"b":{},"f":{"1":0,"2":0,"3":0,"4":0,"5":0},"fnMap":{"1":{"name":"benchFastParallel","line":14,"loc":{"start":{"line":14,"column":0},"end":{"line":14,"column":34}}},"2":{"name":"benchFastParallelNoResults","line":18,"loc":{"start":{"line":18,"column":0},"end":{"line":18,"column":43}}},"3":{"name":"benchAsyncParallel","line":22,"loc":{"start":{"line":22,"column":0},"end":{"line":22,"column":35}}},"4":{"name":"benchNeoParallel","line":26,"loc":{"start":{"line":26,"column":0},"end":{"line":26,"column":33}}},"5":{"name":"something","line":30,"loc":{"start":{"line":30,"column":0},"end":{"line":30,"column":24}}}},"statementMap":{"1":{"start":{"line":1,"column":0},"end":{"line":1,"column":17}},"2":{"start":{"line":2,"column":0},"end":{"line":2,"column":30}},"3":{"start":{"line":3,"column":0},"end":{"line":3,"column":57}},"4":{"start":{"line":4,"column":0},"end":{"line":4,"column":32}},"5":{"start":{"line":5,"column":0},"end":{"line":5,"column":28}},"6":{"start":{"line":6,"column":0},"end":{"line":6,"column":30}},"7":{"start":{"line":8,"column":0},"end":{"line":8,"column":14}},"8":{"start":{"line":10,"column":0},"end":{"line":12,"column":1}},"9":{"start":{"line":11,"column":2},"end":{"line":11,"column":23}},"10":{"start":{"line":14,"column":0},"end":{"line":16,"column":1}},"11":{"start":{"line":15,"column":2},"end":{"line":15,"column":33}},"12":{"start":{"line":18,"column":0},"end":{"line":20,"column":1}},"13":{"start":{"line":19,"column":2},"end":{"line":19,"column":42}},"14":{"start":{"line":22,"column":0},"end":{"line":24,"column":1}},"15":{"start":{"line":23,"column":2},"end":{"line":23,"column":29}},"16":{"start":{"line":26,"column":0},"end":{"line":28,"column":1}},"17":{"start":{"line":27,"column":2},"end":{"line":27,"column":27}},"18":{"start":{"line":30,"column":0},"end":{"line":32,"column":1}},"19":{"start":{"line":31,"column":2},"end":{"line":31,"column":18}},"20":{"start":{"line":34,"column":0},"end":{"line":39,"column":7}},"21":{"start":{"line":41,"column":0},"end":{"line":41,"column":8}}},"branchMap":{},"code":["var max = 1000000","var parallel = require('./')()","var parallelNoResults = require('./')({ results: false })","var bench = require('fastbench')","var async = require('async')","var neo = require('neo-async')","","var funcs = []","","for (var i = 0; i < 25; i++) {","  funcs.push(something)","}","","function benchFastParallel (done) {","  parallel(null, funcs, 42, done)","}","","function benchFastParallelNoResults (done) {","  parallelNoResults(null, funcs, 42, done)","}","","function benchAsyncParallel (done) {","  async.parallel(funcs, done)","}","","function benchNeoParallel (done) {","  neo.parallel(funcs, done)","}","","function something (cb) {","  setImmediate(cb)","}","","var run = bench([","  benchAsyncParallel,","  benchNeoParallel,","  benchFastParallel,","  benchFastParallelNoResults","], max)","","run(run)",""],"l":{"1":2,"2":2,"3":2,"4":2,"5":0,"6":0,"8":0,"10":0,"11":0,"14":1,"15":0,"18":1,"19":0,"22":1,"23":0,"26":1,"27":0,"30":1,"31":0,"34":0,"41":0}}}